>>>> 2019-01-15 21:58:51{"gmt_create":"2019-01-15 21:58:49","charset":"utf-8","seller_email":"tdxtdh9861@sandbox.com","subject":"Lening-Order: 40","sign":"ZUmjEKazrm8Q0bRX0ZXIypwXCzFl4Up22G8hd0okb9wCkuUxRn0zehKcJfBBJWup5IXa\/Nvy8Lkko8WnYxPCgGvF\/SGi2peZuhTxLa3FPuVDCv8E9svZI74ReN88LMJKkVCleB3vOPG7G5RYK+WvIP\/FW\/hoVN8a2mQOVGb7LWw50GQ1twldcwfF0b\/iWFOgqO\/\/5952adWjtlb7v2QOTLwyb2LqlOrji4UfRJjmnfHS67kgmTCLrAaBeIkepMIl7AQ\/bG64F335SK53CgQ0VY\/qNsTk7h2BLG06bK0r9kMLq1vwbp4igi27FqQEvHWEDYiL8wNLqPUdJ6IbJmEmfQ==","buyer_id":"2088102177054717","invoice_amount":"1400.00","notify_id":"1c3d97134423f16141969cdea048451lhd","fund_bill_list":"[{\"amount\":\"1400.00\",\"fundChannel\":\"ALIPAYACCOUNT\"}]","notify_type":"trade_status_sync","trade_status":"TRADE_SUCCESS","receipt_amount":"1400.00","app_id":"2016091900549956","buyer_pay_amount":"1400.00","sign_type":"RSA2","seller_id":"2088102176376944","gmt_payment":"2019-01-15 21:58:49","notify_time":"2019-01-15 21:58:50","version":"1.0","out_trade_no":"40","total_amount":"1400.00","trade_no":"2019011522001454710500671609","auth_app_id":"2016091900549956","buyer_logon_id":"abr***@sandbox.com","point_amount":"0.00"}<<<<

>>>> 2019-01-15 21:58:51 Sign Failed!<<<<< 

>>>> 2019-01-15 22:03:28{"gmt_create":"2019-01-15 21:58:49","charset":"utf-8","seller_email":"tdxtdh9861@sandbox.com","subject":"Lening-Order: 40","sign":"FU+dXFaN30YcKE6WCmzj+3Xz\/AgTiUgwTzonc2T5crkN\/GgAspbrhU4iew2kGfmqPTgK3Gb7QRoGp7z\/vamzGr2VN689rJZ3irQ+P4WAFJ3QtJX0K5\/UEbnGcjEBWeHue9wvFRFW27Ox3E3T1RjNwdjwHn9RfOPfi2DTKLTraLODPvoWWqH7mjrlkC1ZQ2iJX4iKSNgj6TifAQws4FoHFMK62WKOnD8FiELFCx0sidXJ43x8uM0+wAJiuk07mynt7BVaJGkTIuUmJ9OGVBp+Js9s6qNJlXysyOmZFIV5da49eM9ATsD4Ghem7mfDx42y1\/YIV6sFUTTj6rQF4ulA2A==","buyer_id":"2088102177054717","invoice_amount":"1400.00","notify_id":"1c3d97134423f16141969cdea048451lhd","fund_bill_list":"[{\"amount\":\"1400.00\",\"fundChannel\":\"ALIPAYACCOUNT\"}]","notify_type":"trade_status_sync","trade_status":"TRADE_SUCCESS","receipt_amount":"1400.00","app_id":"2016091900549956","buyer_pay_amount":"1400.00","sign_type":"RSA2","seller_id":"2088102176376944","gmt_payment":"2019-01-15 21:58:49","notify_time":"2019-01-15 22:03:26","version":"1.0","out_trade_no":"40","total_amount":"1400.00","trade_no":"2019011522001454710500671609","auth_app_id":"2016091900549956","buyer_logon_id":"abr***@sandbox.com","point_amount":"0.00"}<<<<

>>>> 2019-01-15 22:03:28 Sign Failed!<<<<< 

>>>> 2019-01-15 22:10:28 Sign Failed!<<<<< 

>>>> 2019-01-15 22:11:07 Sign Failed!<<<<< 

>>>> 2019-01-15 22:13:25 Sign Failed!<<<<< 

>>>> 2019-01-15 22:13:31 Sign Failed!<<<<< 

>>>> 2019-01-15 22:21:35 Sign Failed!<<<<< 

>>>> 2019-01-15 22:22:06 Sign Failed!<<<<< 

>>>> 2019-01-15 22:27:00 Sign Failed!<<<<< 

>>>> 2019-01-15 22:31:34{"gmt_create":"2019-01-15 22:31:33","charset":"utf-8","seller_email":"tdxtdh9861@sandbox.com","subject":"Lening-Order: 41","sign":"WQUKJhyBzkS1vMVdRzic8LR1XYwNq2zhfcvDXbEGNREAh\/Ny7oZ6YisJQklYs5ea1sJ0LeiRxNb\/j1MCrN767GmGC551uqYtrcGvti9P3AMaPDO6oV+1+ycjddwojd97JlkMKRxjj4PX+fD6m+OvfbgzAixY8lTwe8+9nomZDXQLXFJulUrzqQorAV3g24d1ohSYT2ULBQ7tQoYKQd\/3KorqUdxV6j\/CnXJ9dI28sFNtRZVF5MOP1eZZ2F7TY6hZztDXfF4wfJluWQeiW415eQTVRhTjT2e5VRqQ8MbMXaY5WpZAUu41jtxpMiWmuRq08M6\/h2lD4dQ0wRt96Q8KlQ==","buyer_id":"2088102177054717","invoice_amount":"700.00","notify_id":"930998460a8d641252705bc6a49c5f0lhd","fund_bill_list":"[{\"amount\":\"700.00\",\"fundChannel\":\"ALIPAYACCOUNT\"}]","notify_type":"trade_status_sync","trade_status":"TRADE_SUCCESS","receipt_amount":"700.00","app_id":"2016091900549956","buyer_pay_amount":"700.00","sign_type":"RSA2","seller_id":"2088102176376944","gmt_payment":"2019-01-15 22:31:33","notify_time":"2019-01-15 22:31:34","version":"1.0","out_trade_no":"41","total_amount":"700.00","trade_no":"2019011522001454710500671442","auth_app_id":"2016091900549956","buyer_logon_id":"abr***@sandbox.com","point_amount":"0.00"}<<<<

>>>> 2019-01-15 22:31:34 Sign Failed!<<<<< 

>>>> 2019-01-15 22:33:51 Sign Failed!<<<<< 

>>>> 2019-01-15 22:33:55 Sign Failed!<<<<< 

>>>> 2019-01-15 22:35:22 Sign Failed!<<<<< 

>>>> 2019-01-15 22:36:06 Sign Failed!<<<<< 

>>>> 2019-01-15 23:05:34 Sign Failed!<<<<< 

>>>> 2019-01-15 23:05:35 Sign Failed!<<<<< 

>>>> 2019-01-15 23:05:35 Sign Failed!<<<<< 

>>>> 2019-01-15 23:09:06{"gmt_create":"2019-01-15 23:09:02","charset":"utf-8","seller_email":"tdxtdh9861@sandbox.com","subject":"Lening-Order: 42","sign":"RvIJmrnY5aUAHu2JXvQ1v7i9hzam37WGmQhkK13Du+bLF43h7vybWM\/eI\/dKGDBnQHwt+ABqD1vJ1jUaNrxIAeP4AneyGHfOW6lgiqETBPb2nGHM1cieGcfisFX2S6gnZoaipcrCLSaF5eaYtAPjmlAq1N7CuE2g4Y5MQ025IiepGDaoW5e3SK017K99UTVsyVI6zdm46BOw4gg2A69xqUz0jtO49nWMUZDFJeBcpxRqrtyWqqGXHES+wioFF\/cXci0FzT8+1l2wvSPpHcmvebUuARYdyoGU8EKs3EvkI8TGIKFLGSI0fEfUsxV28I+GKoWsw8DNWulgjuKm90OGWw==","buyer_id":"2088102177054717","invoice_amount":"1400.00","notify_id":"809233ee12975600e8166c3328a1a12lhd","fund_bill_list":"[{\"amount\":\"1400.00\",\"fundChannel\":\"ALIPAYACCOUNT\"}]","notify_type":"trade_status_sync","trade_status":"TRADE_SUCCESS","receipt_amount":"1400.00","app_id":"2016091900549956","buyer_pay_amount":"1400.00","sign_type":"RSA2","seller_id":"2088102176376944","gmt_payment":"2019-01-15 23:09:03","notify_time":"2019-01-15 23:09:05","version":"1.0","out_trade_no":"42","total_amount":"1400.00","trade_no":"2019011522001454710500671613","auth_app_id":"2016091900549956","buyer_logon_id":"abr***@sandbox.com","point_amount":"0.00"}<<<<

>>>> 2019-01-15 23:09:06 Sign Failed!<<<<< 

>>>> 2019-01-15 23:14:21[]<<<<

>>>> 2019-01-16 04:28:13[]<<<<

