2019-02-18 14:22:08
<xml><ToUserName><![CDATA[gh_dd49d13b2527]]></ToUserName>
<FromUserName><![CDATA[oo8Oz0skvOcYMVI-qHQb5gX43r0g]]></FromUserName>
<CreateTime>1550470928</CreateTime>
<MsgType><![CDATA[event]]></MsgType>
<Event><![CDATA[subscribe]]></Event>
<EventKey><![CDATA[]]></EventKey>
</xml>
<<<<<<<2019-02-18 14:25:04
<xml><ToUserName><![CDATA[gh_dd49d13b2527]]></ToUserName>
<FromUserName><![CDATA[oo8Oz0skvOcYMVI-qHQb5gX43r0g]]></FromUserName>
<CreateTime>1550470928</CreateTime>
<MsgType><![CDATA[event]]></MsgType>
<Event><![CDATA[subscribe]]></Event>
<EventKey><![CDATA[]]></EventKey>
</xml>

<<<<<<<2019-02-18 14:31:54
<xml><ToUserName><![CDATA[gh_dd49d13b2527]]></ToUserName>
<FromUserName><![CDATA[oo8Oz0o-ILu2G2_w4GMpowGagMP8]]></FromUserName>
<CreateTime>1550471514</CreateTime>
<MsgType><![CDATA[event]]></MsgType>
<Event><![CDATA[subscribe]]></Event>
<EventKey><![CDATA[]]></EventKey>
</xml>
<<<<<<<2019-02-18 14:35:14
<xml><ToUserName><![CDATA[gh_dd49d13b2527]]></ToUserName>
<FromUserName><![CDATA[oo8Oz0ggGUlI1xDtSH56inEvJrqo]]></FromUserName>
<CreateTime>1550471714</CreateTime>
<MsgType><![CDATA[event]]></MsgType>
<Event><![CDATA[subscribe]]></Event>
<EventKey><![CDATA[]]></EventKey>
</xml>
<<<<<<<2019-02-18 14:35:21
<xml><ToUserName><![CDATA[gh_dd49d13b2527]]></ToUserName>
<FromUserName><![CDATA[oo8Oz0ggGUlI1xDtSH56inEvJrqo]]></FromUserName>
<CreateTime>1550471721</CreateTime>
<MsgType><![CDATA[event]]></MsgType>
<Event><![CDATA[unsubscribe]]></Event>
<EventKey><![CDATA[]]></EventKey>
</xml>
<<<<<<<2019-02-18 15:10:14
<xml><ToUserName><![CDATA[gh_dd49d13b2527]]></ToUserName>
<FromUserName><![CDATA[oo8Oz0skvOcYMVI-qHQb5gX43r0g]]></FromUserName>
<CreateTime>1550470928</CreateTime>
<MsgType><![CDATA[event]]></MsgType>
<Event><![CDATA[subscribe]]></Event>
<EventKey><![CDATA[]]></EventKey>
</xml>

<<<<<<<2019-02-19 09:14:55
<xml><ToUserName><![CDATA[gh_dd49d13b2527]]></ToUserName>
<FromUserName><![CDATA[oo8Oz0ggGUlI1xDtSH56inEvJrqo]]></FromUserName>
<CreateTime>1550538894</CreateTime>
<MsgType><![CDATA[event]]></MsgType>
<Event><![CDATA[subscribe]]></Event>
<EventKey><![CDATA[]]></EventKey>
</xml>
<<<<<<<2019-02-19 09:15:07
<xml><ToUserName><![CDATA[gh_dd49d13b2527]]></ToUserName>
<FromUserName><![CDATA[oo8Oz0ggGUlI1xDtSH56inEvJrqo]]></FromUserName>
<CreateTime>1550538907</CreateTime>
<MsgType><![CDATA[event]]></MsgType>
<Event><![CDATA[unsubscribe]]></Event>
<EventKey><![CDATA[]]></EventKey>
</xml>
<<<<<<<2019-02-19 10:15:35
<xml><ToUserName><![CDATA[gh_dd49d13b2527]]></ToUserName>
<FromUserName><![CDATA[oo8Oz0skvOcYMVI-qHQb5gX43r0g]]></FromUserName>
<CreateTime>1550542535</CreateTime>
<MsgType><![CDATA[event]]></MsgType>
<Event><![CDATA[VIEW]]></Event>
<EventKey><![CDATA[https://music.163.com/]]></EventKey>
<MenuId>421684576</MenuId>
</xml>
<<<<<<<2019-02-19 11:26:17
<xml><ToUserName><![CDATA[gh_dd49d13b2527]]></ToUserName>
<FromUserName><![CDATA[oo8Oz0skvOcYMVI-qHQb5gX43r0g]]></FromUserName>
<CreateTime>1550546777</CreateTime>
<MsgType><![CDATA[event]]></MsgType>
<Event><![CDATA[VIEW]]></Event>
<EventKey><![CDATA[https://music.163.com/]]></EventKey>
<MenuId>421684576</MenuId>
</xml>
<<<<<<<2019-02-19 11:26:23
<xml><ToUserName><![CDATA[gh_dd49d13b2527]]></ToUserName>
<FromUserName><![CDATA[oo8Oz0skvOcYMVI-qHQb5gX43r0g]]></FromUserName>
<CreateTime>1550546783</CreateTime>
<MsgType><![CDATA[event]]></MsgType>
<Event><![CDATA[unsubscribe]]></Event>
<EventKey><![CDATA[]]></EventKey>
</xml>
<<<<<<<2019-02-19 11:26:30
<xml><ToUserName><![CDATA[gh_dd49d13b2527]]></ToUserName>
<FromUserName><![CDATA[oo8Oz0skvOcYMVI-qHQb5gX43r0g]]></FromUserName>
<CreateTime>1550546789</CreateTime>
<MsgType><![CDATA[event]]></MsgType>
<Event><![CDATA[subscribe]]></Event>
<EventKey><![CDATA[]]></EventKey>
</xml>
<<<<<<<2019-02-19 11:26:32
<xml><ToUserName><![CDATA[gh_dd49d13b2527]]></ToUserName>
<FromUserName><![CDATA[oo8Oz0skvOcYMVI-qHQb5gX43r0g]]></FromUserName>
<CreateTime>1550546792</CreateTime>
<MsgType><![CDATA[event]]></MsgType>
<Event><![CDATA[VIEW]]></Event>
<EventKey><![CDATA[https://music.163.com/]]></EventKey>
<MenuId>421684576</MenuId>
</xml>
<<<<<<<2019-02-19 11:27:36
<xml><ToUserName><![CDATA[gh_dd49d13b2527]]></ToUserName>
<FromUserName><![CDATA[oo8Oz0ggGUlI1xDtSH56inEvJrqo]]></FromUserName>
<CreateTime>1550546856</CreateTime>
<MsgType><![CDATA[event]]></MsgType>
<Event><![CDATA[subscribe]]></Event>
<EventKey><![CDATA[]]></EventKey>
</xml>
<<<<<<<2019-02-19 11:27:37
<xml><ToUserName><![CDATA[gh_dd49d13b2527]]></ToUserName>
<FromUserName><![CDATA[oo8Oz0ggGUlI1xDtSH56inEvJrqo]]></FromUserName>
<CreateTime>1550546857</CreateTime>
<MsgType><![CDATA[event]]></MsgType>
<Event><![CDATA[VIEW]]></Event>
<EventKey><![CDATA[https://music.163.com/]]></EventKey>
<MenuId>421684576</MenuId>
</xml>
<<<<<<<2019-02-19 11:36:44
<xml><ToUserName><![CDATA[gh_dd49d13b2527]]></ToUserName>
<FromUserName><![CDATA[oo8Oz0skvOcYMVI-qHQb5gX43r0g]]></FromUserName>
<CreateTime>1550547403</CreateTime>
<MsgType><![CDATA[event]]></MsgType>
<Event><![CDATA[unsubscribe]]></Event>
<EventKey><![CDATA[]]></EventKey>
</xml>
<<<<<<<2019-02-19 11:36:52
<xml><ToUserName><![CDATA[gh_dd49d13b2527]]></ToUserName>
<FromUserName><![CDATA[oo8Oz0skvOcYMVI-qHQb5gX43r0g]]></FromUserName>
<CreateTime>1550547412</CreateTime>
<MsgType><![CDATA[event]]></MsgType>
<Event><![CDATA[subscribe]]></Event>
<EventKey><![CDATA[]]></EventKey>
</xml>
<<<<<<<2019-02-19 11:56:20
<xml><ToUserName><![CDATA[gh_dd49d13b2527]]></ToUserName>
<FromUserName><![CDATA[oo8Oz0skvOcYMVI-qHQb5gX43r0g]]></FromUserName>
<CreateTime>1550548580</CreateTime>
<MsgType><![CDATA[event]]></MsgType>
<Event><![CDATA[unsubscribe]]></Event>
<EventKey><![CDATA[]]></EventKey>
</xml>
<<<<<<<2019-02-19 11:56:33
<xml><ToUserName><![CDATA[gh_dd49d13b2527]]></ToUserName>
<FromUserName><![CDATA[oo8Oz0skvOcYMVI-qHQb5gX43r0g]]></FromUserName>
<CreateTime>1550548593</CreateTime>
<MsgType><![CDATA[event]]></MsgType>
<Event><![CDATA[subscribe]]></Event>
<EventKey><![CDATA[]]></EventKey>
</xml>
<<<<<<<2019-02-19 11:56:35
<xml><ToUserName><![CDATA[gh_dd49d13b2527]]></ToUserName>
<FromUserName><![CDATA[oo8Oz0skvOcYMVI-qHQb5gX43r0g]]></FromUserName>
<CreateTime>1550548595</CreateTime>
<MsgType><![CDATA[event]]></MsgType>
<Event><![CDATA[VIEW]]></Event>
<EventKey><![CDATA[https://www.xiaopi.com/game/27976.html]]></EventKey>
<MenuId>421684611</MenuId>
</xml>
<<<<<<<2019-02-19 11:58:10
<xml><ToUserName><![CDATA[gh_dd49d13b2527]]></ToUserName>
<FromUserName><![CDATA[oo8Oz0skvOcYMVI-qHQb5gX43r0g]]></FromUserName>
<CreateTime>1550548690</CreateTime>
<MsgType><![CDATA[event]]></MsgType>
<Event><![CDATA[unsubscribe]]></Event>
<EventKey><![CDATA[]]></EventKey>
</xml>
<<<<<<<2019-02-19 11:58:21
<xml><ToUserName><![CDATA[gh_dd49d13b2527]]></ToUserName>
<FromUserName><![CDATA[oo8Oz0skvOcYMVI-qHQb5gX43r0g]]></FromUserName>
<CreateTime>1550548700</CreateTime>
<MsgType><![CDATA[event]]></MsgType>
<Event><![CDATA[subscribe]]></Event>
<EventKey><![CDATA[]]></EventKey>
</xml>
<<<<<<<2019-02-19 11:58:23
<xml><ToUserName><![CDATA[gh_dd49d13b2527]]></ToUserName>
<FromUserName><![CDATA[oo8Oz0skvOcYMVI-qHQb5gX43r0g]]></FromUserName>
<CreateTime>1550548702</CreateTime>
<MsgType><![CDATA[event]]></MsgType>
<Event><![CDATA[VIEW]]></Event>
<EventKey><![CDATA[http://www.pc6.com/xcx/571253.html]]></EventKey>
<MenuId>421684612</MenuId>
</xml>
<<<<<<<2019-02-19 11:59:20
<xml><ToUserName><![CDATA[gh_dd49d13b2527]]></ToUserName>
<FromUserName><![CDATA[oo8Oz0skvOcYMVI-qHQb5gX43r0g]]></FromUserName>
<CreateTime>1550548760</CreateTime>
<MsgType><![CDATA[event]]></MsgType>
<Event><![CDATA[VIEW]]></Event>
<EventKey><![CDATA[https://music.163.com/]]></EventKey>
<MenuId>421684612</MenuId>
</xml>
<<<<<<<2019-02-19 12:02:00
<xml><ToUserName><![CDATA[gh_dd49d13b2527]]></ToUserName>
<FromUserName><![CDATA[oo8Oz0skvOcYMVI-qHQb5gX43r0g]]></FromUserName>
<CreateTime>1550548920</CreateTime>
<MsgType><![CDATA[event]]></MsgType>
<Event><![CDATA[unsubscribe]]></Event>
<EventKey><![CDATA[]]></EventKey>
</xml>
<<<<<<<2019-02-19 12:02:06
<xml><ToUserName><![CDATA[gh_dd49d13b2527]]></ToUserName>
<FromUserName><![CDATA[oo8Oz0skvOcYMVI-qHQb5gX43r0g]]></FromUserName>
<CreateTime>1550548926</CreateTime>
<MsgType><![CDATA[event]]></MsgType>
<Event><![CDATA[subscribe]]></Event>
<EventKey><![CDATA[]]></EventKey>
</xml>
<<<<<<<2019-02-19 12:02:08
<xml><ToUserName><![CDATA[gh_dd49d13b2527]]></ToUserName>
<FromUserName><![CDATA[oo8Oz0skvOcYMVI-qHQb5gX43r0g]]></FromUserName>
<CreateTime>1550548927</CreateTime>
<MsgType><![CDATA[event]]></MsgType>
<Event><![CDATA[VIEW]]></Event>
<EventKey><![CDATA[https://www.91ud.com/app/22566.html]]></EventKey>
<MenuId>421684614</MenuId>
</xml>
<<<<<<<2019-02-19 13:33:04
<xml><ToUserName><![CDATA[gh_dd49d13b2527]]></ToUserName>
<FromUserName><![CDATA[oo8Oz0skvOcYMVI-qHQb5gX43r0g]]></FromUserName>
<CreateTime>1550554384</CreateTime>
<MsgType><![CDATA[event]]></MsgType>
<Event><![CDATA[VIEW]]></Event>
<EventKey><![CDATA[https://www.91ud.com/app/22566.html]]></EventKey>
<MenuId>421684614</MenuId>
</xml>
<<<<<<<2019-02-19 13:37:43
<xml><ToUserName><![CDATA[gh_dd49d13b2527]]></ToUserName>
<FromUserName><![CDATA[oo8Oz0skvOcYMVI-qHQb5gX43r0g]]></FromUserName>
<CreateTime>1550554662</CreateTime>
<MsgType><![CDATA[event]]></MsgType>
<Event><![CDATA[VIEW]]></Event>
<EventKey><![CDATA[https://www.baidu.com/]]></EventKey>
<MenuId>421684614</MenuId>
</xml>
<<<<<<<2019-02-19 13:37:46
<xml><ToUserName><![CDATA[gh_dd49d13b2527]]></ToUserName>
<FromUserName><![CDATA[oo8Oz0skvOcYMVI-qHQb5gX43r0g]]></FromUserName>
<CreateTime>1550554666</CreateTime>
<MsgType><![CDATA[event]]></MsgType>
<Event><![CDATA[VIEW]]></Event>
<EventKey><![CDATA[https://www.91ud.com/app/22566.html]]></EventKey>
<MenuId>421684614</MenuId>
</xml>
<<<<<<<2019-02-19 14:20:11
<xml><ToUserName><![CDATA[gh_dd49d13b2527]]></ToUserName>
<FromUserName><![CDATA[oo8Oz0skvOcYMVI-qHQb5gX43r0g]]></FromUserName>
<CreateTime>1550557211</CreateTime>
<MsgType><![CDATA[event]]></MsgType>
<Event><![CDATA[unsubscribe]]></Event>
<EventKey><![CDATA[]]></EventKey>
</xml>
<<<<<<<2019-02-19 14:20:19
<xml><ToUserName><![CDATA[gh_dd49d13b2527]]></ToUserName>
<FromUserName><![CDATA[oo8Oz0skvOcYMVI-qHQb5gX43r0g]]></FromUserName>
<CreateTime>1550557218</CreateTime>
<MsgType><![CDATA[event]]></MsgType>
<Event><![CDATA[subscribe]]></Event>
<EventKey><![CDATA[]]></EventKey>
</xml>
<<<<<<<2019-02-19 14:20:23
<xml><ToUserName><![CDATA[gh_dd49d13b2527]]></ToUserName>
<FromUserName><![CDATA[oo8Oz0skvOcYMVI-qHQb5gX43r0g]]></FromUserName>
<CreateTime>1550557222</CreateTime>
<MsgType><![CDATA[event]]></MsgType>
<Event><![CDATA[CLICK]]></Event>
<EventKey><![CDATA[didi]]></EventKey>
</xml>
<<<<<<<2019-02-19 14:21:17
<xml><ToUserName><![CDATA[gh_dd49d13b2527]]></ToUserName>
<FromUserName><![CDATA[oo8Oz0skvOcYMVI-qHQb5gX43r0g]]></FromUserName>
<CreateTime>1550557277</CreateTime>
<MsgType><![CDATA[event]]></MsgType>
<Event><![CDATA[VIEW]]></Event>
<EventKey><![CDATA[https://www.soso.com/]]></EventKey>
<MenuId>421684653</MenuId>
</xml>
<<<<<<<2019-02-19 14:21:21
<xml><ToUserName><![CDATA[gh_dd49d13b2527]]></ToUserName>
<FromUserName><![CDATA[oo8Oz0skvOcYMVI-qHQb5gX43r0g]]></FromUserName>
<CreateTime>1550557281</CreateTime>
<MsgType><![CDATA[event]]></MsgType>
<Event><![CDATA[CLICK]]></Event>
<EventKey><![CDATA[didi]]></EventKey>
</xml>
<<<<<<<2019-02-19 14:21:43
<xml><ToUserName><![CDATA[gh_dd49d13b2527]]></ToUserName>
<FromUserName><![CDATA[oo8Oz0skvOcYMVI-qHQb5gX43r0g]]></FromUserName>
<CreateTime>1550557303</CreateTime>
<MsgType><![CDATA[event]]></MsgType>
<Event><![CDATA[CLICK]]></Event>
<EventKey><![CDATA[didi]]></EventKey>
</xml>
<<<<<<<2019-02-19 14:24:54
<xml><ToUserName><![CDATA[gh_dd49d13b2527]]></ToUserName>
<FromUserName><![CDATA[oo8Oz0skvOcYMVI-qHQb5gX43r0g]]></FromUserName>
<CreateTime>1550557494</CreateTime>
<MsgType><![CDATA[event]]></MsgType>
<Event><![CDATA[unsubscribe]]></Event>
<EventKey><![CDATA[]]></EventKey>
</xml>
<<<<<<<2019-02-19 14:25:06
<xml><ToUserName><![CDATA[gh_dd49d13b2527]]></ToUserName>
<FromUserName><![CDATA[oo8Oz0skvOcYMVI-qHQb5gX43r0g]]></FromUserName>
<CreateTime>1550557506</CreateTime>
<MsgType><![CDATA[event]]></MsgType>
<Event><![CDATA[subscribe]]></Event>
<EventKey><![CDATA[]]></EventKey>
</xml>
<<<<<<<2019-02-19 14:25:10
<xml><ToUserName><![CDATA[gh_dd49d13b2527]]></ToUserName>
<FromUserName><![CDATA[oo8Oz0skvOcYMVI-qHQb5gX43r0g]]></FromUserName>
<CreateTime>1550557510</CreateTime>
<MsgType><![CDATA[event]]></MsgType>
<Event><![CDATA[CLICK]]></Event>
<EventKey><![CDATA[didi]]></EventKey>
</xml>
<<<<<<<2019-02-19 14:25:42
<xml><ToUserName><![CDATA[gh_dd49d13b2527]]></ToUserName>
<FromUserName><![CDATA[oo8Oz0skvOcYMVI-qHQb5gX43r0g]]></FromUserName>
<CreateTime>1550557542</CreateTime>
<MsgType><![CDATA[event]]></MsgType>
<Event><![CDATA[CLICK]]></Event>
<EventKey><![CDATA[didi]]></EventKey>
</xml>
<<<<<<<2019-02-19 14:26:36
<xml><ToUserName><![CDATA[gh_dd49d13b2527]]></ToUserName>
<FromUserName><![CDATA[oo8Oz0skvOcYMVI-qHQb5gX43r0g]]></FromUserName>
<CreateTime>1550557596</CreateTime>
<MsgType><![CDATA[event]]></MsgType>
<Event><![CDATA[CLICK]]></Event>
<EventKey><![CDATA[didi]]></EventKey>
</xml>
<<<<<<<2019-02-19 14:28:05
<xml><ToUserName><![CDATA[gh_dd49d13b2527]]></ToUserName>
<FromUserName><![CDATA[oo8Oz0skvOcYMVI-qHQb5gX43r0g]]></FromUserName>
<CreateTime>1550557685</CreateTime>
<MsgType><![CDATA[event]]></MsgType>
<Event><![CDATA[CLICK]]></Event>
<EventKey><![CDATA[didi]]></EventKey>
</xml>
<<<<<<<2019-02-19 14:32:23
<xml><ToUserName><![CDATA[gh_dd49d13b2527]]></ToUserName>
<FromUserName><![CDATA[oo8Oz0skvOcYMVI-qHQb5gX43r0g]]></FromUserName>
<CreateTime>1550557943</CreateTime>
<MsgType><![CDATA[event]]></MsgType>
<Event><![CDATA[CLICK]]></Event>
<EventKey><![CDATA[didi]]></EventKey>
</xml>
<<<<<<<2019-02-19 14:34:12
<xml><ToUserName><![CDATA[gh_dd49d13b2527]]></ToUserName>
<FromUserName><![CDATA[oo8Oz0skvOcYMVI-qHQb5gX43r0g]]></FromUserName>
<CreateTime>1550558052</CreateTime>
<MsgType><![CDATA[event]]></MsgType>
<Event><![CDATA[unsubscribe]]></Event>
<EventKey><![CDATA[]]></EventKey>
</xml>
<<<<<<<2019-02-19 14:34:48
<xml><ToUserName><![CDATA[gh_dd49d13b2527]]></ToUserName>
<FromUserName><![CDATA[oo8Oz0skvOcYMVI-qHQb5gX43r0g]]></FromUserName>
<CreateTime>1550558088</CreateTime>
<MsgType><![CDATA[event]]></MsgType>
<Event><![CDATA[subscribe]]></Event>
<EventKey><![CDATA[]]></EventKey>
</xml>
<<<<<<<2019-02-19 14:36:01
<xml><ToUserName><![CDATA[gh_dd49d13b2527]]></ToUserName>
<FromUserName><![CDATA[oo8Oz0ggGUlI1xDtSH56inEvJrqo]]></FromUserName>
<CreateTime>1550558161</CreateTime>
<MsgType><![CDATA[event]]></MsgType>
<Event><![CDATA[VIEW]]></Event>
<EventKey><![CDATA[https://www.91ud.com/app/22566.html]]></EventKey>
<MenuId>421684653</MenuId>
</xml>
<<<<<<<2019-02-19 14:36:04
<xml><ToUserName><![CDATA[gh_dd49d13b2527]]></ToUserName>
<FromUserName><![CDATA[oo8Oz0ggGUlI1xDtSH56inEvJrqo]]></FromUserName>
<CreateTime>1550558164</CreateTime>
<MsgType><![CDATA[event]]></MsgType>
<Event><![CDATA[CLICK]]></Event>
<EventKey><![CDATA[didi]]></EventKey>
</xml>
<<<<<<<2019-02-19 14:36:51
<xml><ToUserName><![CDATA[gh_dd49d13b2527]]></ToUserName>
<FromUserName><![CDATA[oo8Oz0ggGUlI1xDtSH56inEvJrqo]]></FromUserName>
<CreateTime>1550558211</CreateTime>
<MsgType><![CDATA[event]]></MsgType>
<Event><![CDATA[VIEW]]></Event>
<EventKey><![CDATA[https://www.baidu.com/]]></EventKey>
<MenuId>421684653</MenuId>
</xml>
<<<<<<<2019-02-19 14:37:00
<xml><ToUserName><![CDATA[gh_dd49d13b2527]]></ToUserName>
<FromUserName><![CDATA[oo8Oz0ggGUlI1xDtSH56inEvJrqo]]></FromUserName>
<CreateTime>1550558220</CreateTime>
<MsgType><![CDATA[event]]></MsgType>
<Event><![CDATA[CLICK]]></Event>
<EventKey><![CDATA[didi]]></EventKey>
</xml>
<<<<<<<2019-02-19 14:37:11
<xml><ToUserName><![CDATA[gh_dd49d13b2527]]></ToUserName>
<FromUserName><![CDATA[oo8Oz0ggGUlI1xDtSH56inEvJrqo]]></FromUserName>
<CreateTime>1550558231</CreateTime>
<MsgType><![CDATA[event]]></MsgType>
<Event><![CDATA[CLICK]]></Event>
<EventKey><![CDATA[didi]]></EventKey>
</xml>
<<<<<<<2019-02-19 14:38:53
<xml><ToUserName><![CDATA[gh_dd49d13b2527]]></ToUserName>
<FromUserName><![CDATA[oo8Oz0skvOcYMVI-qHQb5gX43r0g]]></FromUserName>
<CreateTime>1550558333</CreateTime>
<MsgType><![CDATA[event]]></MsgType>
<Event><![CDATA[unsubscribe]]></Event>
<EventKey><![CDATA[]]></EventKey>
</xml>
<<<<<<<2019-02-19 14:39:04
<xml><ToUserName><![CDATA[gh_dd49d13b2527]]></ToUserName>
<FromUserName><![CDATA[oo8Oz0skvOcYMVI-qHQb5gX43r0g]]></FromUserName>
<CreateTime>1550558344</CreateTime>
<MsgType><![CDATA[event]]></MsgType>
<Event><![CDATA[subscribe]]></Event>
<EventKey><![CDATA[]]></EventKey>
</xml>
<<<<<<<2019-02-19 14:39:08
<xml><ToUserName><![CDATA[gh_dd49d13b2527]]></ToUserName>
<FromUserName><![CDATA[oo8Oz0skvOcYMVI-qHQb5gX43r0g]]></FromUserName>
<CreateTime>1550558348</CreateTime>
<MsgType><![CDATA[event]]></MsgType>
<Event><![CDATA[CLICK]]></Event>
<EventKey><![CDATA[didi]]></EventKey>
</xml>
<<<<<<<2019-02-19 14:48:42
<xml><ToUserName><![CDATA[gh_dd49d13b2527]]></ToUserName>
<FromUserName><![CDATA[oo8Oz0skvOcYMVI-qHQb5gX43r0g]]></FromUserName>
<CreateTime>1550558922</CreateTime>
<MsgType><![CDATA[event]]></MsgType>
<Event><![CDATA[VIEW]]></Event>
<EventKey><![CDATA[https://www.91ud.com/app/22566.html]]></EventKey>
<MenuId>421684653</MenuId>
</xml>
<<<<<<<2019-02-19 15:13:20
<xml><ToUserName><![CDATA[gh_dd49d13b2527]]></ToUserName>
<FromUserName><![CDATA[oo8Oz0skvOcYMVI-qHQb5gX43r0g]]></FromUserName>
<CreateTime>1550560400</CreateTime>
<MsgType><![CDATA[event]]></MsgType>
<Event><![CDATA[unsubscribe]]></Event>
<EventKey><![CDATA[]]></EventKey>
</xml>
<<<<<<<2019-02-19 15:13:29
<xml><ToUserName><![CDATA[gh_dd49d13b2527]]></ToUserName>
<FromUserName><![CDATA[oo8Oz0skvOcYMVI-qHQb5gX43r0g]]></FromUserName>
<CreateTime>1550560408</CreateTime>
<MsgType><![CDATA[event]]></MsgType>
<Event><![CDATA[subscribe]]></Event>
<EventKey><![CDATA[]]></EventKey>
</xml>
<<<<<<<2019-02-19 16:09:20
<xml><ToUserName><![CDATA[gh_dd49d13b2527]]></ToUserName>
<FromUserName><![CDATA[oo8Oz0skvOcYMVI-qHQb5gX43r0g]]></FromUserName>
<CreateTime>1550563760</CreateTime>
<MsgType><![CDATA[event]]></MsgType>
<Event><![CDATA[unsubscribe]]></Event>
<EventKey><![CDATA[]]></EventKey>
</xml>
<<<<<<<2019-02-19 16:09:37
<xml><ToUserName><![CDATA[gh_dd49d13b2527]]></ToUserName>
<FromUserName><![CDATA[oo8Oz0skvOcYMVI-qHQb5gX43r0g]]></FromUserName>
<CreateTime>1550563776</CreateTime>
<MsgType><![CDATA[event]]></MsgType>
<Event><![CDATA[subscribe]]></Event>
<EventKey><![CDATA[]]></EventKey>
</xml>
<<<<<<<2019-02-19 16:10:38
<xml><ToUserName><![CDATA[gh_dd49d13b2527]]></ToUserName>
<FromUserName><![CDATA[oo8Oz0skvOcYMVI-qHQb5gX43r0g]]></FromUserName>
<CreateTime>1550563838</CreateTime>
<MsgType><![CDATA[event]]></MsgType>
<Event><![CDATA[unsubscribe]]></Event>
<EventKey><![CDATA[]]></EventKey>
</xml>
<<<<<<<2019-02-19 16:10:59
<xml><ToUserName><![CDATA[gh_dd49d13b2527]]></ToUserName>
<FromUserName><![CDATA[oo8Oz0skvOcYMVI-qHQb5gX43r0g]]></FromUserName>
<CreateTime>1550563859</CreateTime>
<MsgType><![CDATA[event]]></MsgType>
<Event><![CDATA[subscribe]]></Event>
<EventKey><![CDATA[]]></EventKey>
</xml>
<<<<<<<2019-02-19 16:11:11
<xml><ToUserName><![CDATA[gh_dd49d13b2527]]></ToUserName>
<FromUserName><![CDATA[oo8Oz0skvOcYMVI-qHQb5gX43r0g]]></FromUserName>
<CreateTime>1550563871</CreateTime>
<MsgType><![CDATA[event]]></MsgType>
<Event><![CDATA[VIEW]]></Event>
<EventKey><![CDATA[https://www.baidu.com/]]></EventKey>
<MenuId>421684653</MenuId>
</xml>
<<<<<<<2019-02-20 10:06:49
<xml><ToUserName><![CDATA[gh_dd49d13b2527]]></ToUserName>
<FromUserName><![CDATA[oo8Oz0skvOcYMVI-qHQb5gX43r0g]]></FromUserName>
<CreateTime>1550628407</CreateTime>
<MsgType><![CDATA[image]]></MsgType>
<PicUrl><![CDATA[http://mmbiz.qpic.cn/mmbiz_jpg/8Km7iaFUb4gLVhGygerX1N9Sxvg8PDt6XmwAoaWB9O1sfUF1icKcNHYvIInVfVnjPd03OsTkaANNU8GkkYMiavs5A/0]]></PicUrl>
<MsgId>22199662327183053</MsgId>
<MediaId><![CDATA[fo_bpmsKuQr5pteKovWfPGVVocUfgw8BYV9xWK6eu376AKzlEyKuUaXsKuUfNU0e]]></MediaId>
</xml>
<<<<<<<2019-02-20 13:55:22
<xml><ToUserName><![CDATA[gh_dd49d13b2527]]></ToUserName>
<FromUserName><![CDATA[oo8Oz0kVxBPIFMFxUgr927x24pc0]]></FromUserName>
<CreateTime>1550642122</CreateTime>
<MsgType><![CDATA[event]]></MsgType>
<Event><![CDATA[MASSSENDJOBFINISH]]></Event>
<MsgID>1000000003</MsgID>
<Status><![CDATA[send success]]></Status>
<TotalCount>5</TotalCount>
<FilterCount>5</FilterCount>
<SentCount>5</SentCount>
<ErrorCount>0</ErrorCount>
<CopyrightCheckResult><Count>0</Count>
<ResultList></ResultList>
<CheckState>0</CheckState>
</CopyrightCheckResult>
</xml>
<<<<<<<2019-02-20 14:01:31
<xml><ToUserName><![CDATA[gh_dd49d13b2527]]></ToUserName>
<FromUserName><![CDATA[oo8Oz0o-ILu2G2_w4GMpowGagMP8]]></FromUserName>
<CreateTime>1550642490</CreateTime>
<MsgType><![CDATA[event]]></MsgType>
<Event><![CDATA[VIEW]]></Event>
<EventKey><![CDATA[https://music.163.com/]]></EventKey>
<MenuId>421684653</MenuId>
</xml>
<<<<<<<2019-02-20 14:01:50
<xml><ToUserName><![CDATA[gh_dd49d13b2527]]></ToUserName>
<FromUserName><![CDATA[oo8Oz0ggGUlI1xDtSH56inEvJrqo]]></FromUserName>
<CreateTime>1550642510</CreateTime>
<MsgType><![CDATA[event]]></MsgType>
<Event><![CDATA[VIEW]]></Event>
<EventKey><![CDATA[https://www.91ud.com/app/22566.html]]></EventKey>
<MenuId>421684653</MenuId>
</xml>
<<<<<<<2019-02-20 14:07:09
<xml><ToUserName><![CDATA[gh_dd49d13b2527]]></ToUserName>
<FromUserName><![CDATA[oo8Oz0kVxBPIFMFxUgr927x24pc0]]></FromUserName>
<CreateTime>1550642829</CreateTime>
<MsgType><![CDATA[event]]></MsgType>
<Event><![CDATA[MASSSENDJOBFINISH]]></Event>
<MsgID>1000000004</MsgID>
<Status><![CDATA[send success]]></Status>
<TotalCount>5</TotalCount>
<FilterCount>5</FilterCount>
<SentCount>5</SentCount>
<ErrorCount>0</ErrorCount>
<CopyrightCheckResult><Count>0</Count>
<ResultList></ResultList>
<CheckState>0</CheckState>
</CopyrightCheckResult>
</xml>
<<<<<<<2019-02-20 14:09:12
<xml><ToUserName><![CDATA[gh_dd49d13b2527]]></ToUserName>
<FromUserName><![CDATA[oo8Oz0kVxBPIFMFxUgr927x24pc0]]></FromUserName>
<CreateTime>1550642952</CreateTime>
<MsgType><![CDATA[event]]></MsgType>
<Event><![CDATA[MASSSENDJOBFINISH]]></Event>
<MsgID>1000000005</MsgID>
<Status><![CDATA[send success]]></Status>
<TotalCount>5</TotalCount>
<FilterCount>5</FilterCount>
<SentCount>5</SentCount>
<ErrorCount>0</ErrorCount>
<CopyrightCheckResult><Count>0</Count>
<ResultList></ResultList>
<CheckState>0</CheckState>
</CopyrightCheckResult>
</xml>
<<<<<<<2019-02-20 14:22:18
<xml><ToUserName><![CDATA[gh_dd49d13b2527]]></ToUserName>
<FromUserName><![CDATA[oo8Oz0lmbhElDNpnEkG2Ndkt1hvU]]></FromUserName>
<CreateTime>1550643737</CreateTime>
<MsgType><![CDATA[event]]></MsgType>
<Event><![CDATA[subscribe]]></Event>
<EventKey><![CDATA[]]></EventKey>
</xml>
<<<<<<<2019-02-20 14:23:17
<xml><ToUserName><![CDATA[gh_dd49d13b2527]]></ToUserName>
<FromUserName><![CDATA[oo8Oz0kVxBPIFMFxUgr927x24pc0]]></FromUserName>
<CreateTime>1550643797</CreateTime>
<MsgType><![CDATA[event]]></MsgType>
<Event><![CDATA[MASSSENDJOBFINISH]]></Event>
<MsgID>1000000006</MsgID>
<Status><![CDATA[send success]]></Status>
<TotalCount>6</TotalCount>
<FilterCount>6</FilterCount>
<SentCount>6</SentCount>
<ErrorCount>0</ErrorCount>
<CopyrightCheckResult><Count>0</Count>
<ResultList></ResultList>
<CheckState>0</CheckState>
</CopyrightCheckResult>
</xml>
<<<<<<<