2019-02-26 15:04:10
<xml><appid><![CDATA[wxd5af665b240b75d4]]></appid>
<bank_type><![CDATA[CFT]]></bank_type>
<cash_fee><![CDATA[1]]></cash_fee>
<fee_type><![CDATA[CNY]]></fee_type>
<is_subscribe><![CDATA[N]]></is_subscribe>
<mch_id><![CDATA[1500086022]]></mch_id>
<nonce_str><![CDATA[438enGKXmUkrx1Wy]]></nonce_str>
<openid><![CDATA[osZaFw4x168UFqMj2DP5iFeUXh5E]]></openid>
<out_trade_no><![CDATA[1902261452978486831]]></out_trade_no>
<result_code><![CDATA[SUCCESS]]></result_code>
<return_code><![CDATA[SUCCESS]]></return_code>
<sign><![CDATA[8FE4D6D58CC0BE45FA9E2FFD6F367E6B]]></sign>
<time_end><![CDATA[20190226150005]]></time_end>
<total_fee>1</total_fee>
<trade_type><![CDATA[NATIVE]]></trade_type>
<transaction_id><![CDATA[4200000241201902267608633197]]></transaction_id>
</xml>
<<<<<<<2019-02-26 15:18:03
<xml><appid><![CDATA[wxd5af665b240b75d4]]></appid>
<bank_type><![CDATA[CFT]]></bank_type>
<cash_fee><![CDATA[1]]></cash_fee>
<fee_type><![CDATA[CNY]]></fee_type>
<is_subscribe><![CDATA[N]]></is_subscribe>
<mch_id><![CDATA[1500086022]]></mch_id>
<nonce_str><![CDATA[7LQFt2mwDUM0aJil]]></nonce_str>
<openid><![CDATA[osZaFw4x168UFqMj2DP5iFeUXh5E]]></openid>
<out_trade_no><![CDATA[1902261517340574993]]></out_trade_no>
<result_code><![CDATA[SUCCESS]]></result_code>
<return_code><![CDATA[SUCCESS]]></return_code>
<sign><![CDATA[7EFA4D5EF415BC2F863A1AA728C1D9F4]]></sign>
<time_end><![CDATA[20190226151802]]></time_end>
<total_fee>1</total_fee>
<trade_type><![CDATA[NATIVE]]></trade_type>
<transaction_id><![CDATA[4200000249201902263714322103]]></transaction_id>
</xml>
<<<<<<<2019-02-26 15:26:52
<xml><appid><![CDATA[wxd5af665b240b75d4]]></appid>
<bank_type><![CDATA[CFT]]></bank_type>
<cash_fee><![CDATA[1]]></cash_fee>
<fee_type><![CDATA[CNY]]></fee_type>
<is_subscribe><![CDATA[N]]></is_subscribe>
<mch_id><![CDATA[1500086022]]></mch_id>
<nonce_str><![CDATA[vYSXVTlLTtPSUxTK]]></nonce_str>
<openid><![CDATA[osZaFw4x168UFqMj2DP5iFeUXh5E]]></openid>
<out_trade_no><![CDATA[1902261525589663439]]></out_trade_no>
<result_code><![CDATA[SUCCESS]]></result_code>
<return_code><![CDATA[SUCCESS]]></return_code>
<sign><![CDATA[BE8AD06C8332BFF5E2FC120EF248E9FB]]></sign>
<time_end><![CDATA[20190226152651]]></time_end>
<total_fee>1</total_fee>
<trade_type><![CDATA[NATIVE]]></trade_type>
<transaction_id><![CDATA[4200000248201902264636057604]]></transaction_id>
</xml>
<<<<<<<